C51 COMPILER V9.52.0.0   BT                                                                06/03/2021 22:01:21 PAGE 1   


C51 COMPILER V9.52.0.0, COMPILATION OF MODULE BT
OBJECT MODULE PLACED IN bt.obj
COMPILER INVOKED BY: C:\Users\starkchen\Keil4\C51\BIN\C51.EXE src\bt.c BROWSE DEBUG OBJECTEXTEND PRINT(.\bt.lst) TABS(2)
                    - OBJECT(bt.obj)

line level    source

   1          #include "bt.h"
   2          #include "motor.h"
   3          #include "PWM.h"
   4          #include "track.h"
   5          #include "led.h"
   6          
   7          extern uchar Serial_Data;
   8          extern int flag;
   9          
  10          
  11          int bt_move()
  12          {
  13   1        uchar order;
  14   1        while (1)
  15   1        {
  16   2          order = Serial_Data;
  17   2          if (order == BTFORWORD)
  18   2          {
  19   3            flag = BTFORWORD;
  20   3          }
  21   2          else if (order == BTLEFT)
  22   2          {
  23   3            flag = BTLEFT;
  24   3          }
  25   2          else if (order == BTRIGHT)
  26   2          {
  27   3            flag = BTRIGHT;
  28   3          }
  29   2          else if (order == BTSTOP)
  30   2          {
  31   3            flag = BTSTOP;
  32   3          }
  33   2          else if (order == BTSPUP)
  34   2          {
  35   3            Motor_speed_add();
  36   3            while (order == BTSPUP) order = Serial_Data; // 取消连点
  37   3          }
  38   2          else if (order == BTSPDW)
  39   2          {
  40   3            Motor_speed_minus();
  41   3            while (order == BTSPDW) order = Serial_Data; // 取消连点
  42   3          }
  43   2          else if (order == BTBACWORD)
  44   2          {
  45   3            flag = BTBACWORD;
  46   3          }
  47   2          else if (order == BTEXIT)
  48   2          {
  49   3            return 0;
  50   3          }
  51   2          else if (order == BT_LEFT_SPIN)
  52   2          {
  53   3            flag = BT_LEFT_SPIN;
  54   3          }
C51 COMPILER V9.52.0.0   BT                                                                06/03/2021 22:01:21 PAGE 2   

  55   2          else if (order == BT_RIGHT_SPIN)
  56   2          {
  57   3            flag = BT_RIGHT_SPIN;
  58   3          }
  59   2        }
  60   1      }
  61          
  62          void bt_ctrl()
  63          {
  64   1        uchar order;
  65   1        while (1)
  66   1        {
  67   2          order = Serial_Data;
  68   2          if (order == 1)
  69   2          {
  70   3            led_off();
  71   3            bt_move();
  72   3          }
  73   2          else if (order == 2)
  74   2          {
  75   3            led_off();
  76   3            track_auto();
  77   3          }
  78   2          led_on();
  79   2        }
  80   1      }


MODULE INFORMATION:   STATIC OVERLAYABLE
   CODE SIZE        =    173    ----
   CONSTANT SIZE    =   ----    ----
   XDATA SIZE       =   ----    ----
   PDATA SIZE       =   ----    ----
   DATA SIZE        =   ----       2
   IDATA SIZE       =   ----    ----
   BIT SIZE         =   ----    ----
END OF MODULE INFORMATION.


C51 COMPILATION COMPLETE.  0 WARNING(S),  0 ERROR(S)
