C51 COMPILER V9.52.0.0   LED                                                               06/03/2021 22:01:20 PAGE 1   


C51 COMPILER V9.52.0.0, COMPILATION OF MODULE LED
OBJECT MODULE PLACED IN led.obj
COMPILER INVOKED BY: C:\Users\starkchen\Keil4\C51\BIN\C51.EXE src\led.c BROWSE DEBUG OBJECTEXTEND PRINT(.\led.lst) TABS(
                    -2) OBJECT(led.obj)

line level    source

   1          #include <reg52.h>
   2          #include "led.h"
   3          #include "delay.h"
   4          
   5          
   6          sbit LED_0 = P1 ^ 0;
   7          sbit LED_1 = P1 ^ 1;
   8          sbit LED_2 = P1 ^ 2;
   9          sbit LED_3 = P1 ^ 3;
  10          sbit LED_4 = P1 ^ 4;
  11          sbit LED_5 = P1 ^ 5;
  12          sbit LED_6 = P1 ^ 6;
  13          sbit LED_7 = P1 ^ 7;
  14          
  15          
  16          
  17          void led_Ctrl(int Led_id, int OnOff)
  18          {
  19   1        int LedOnOff;
  20   1        if (OnOff == LED_ON)
  21   1        {
  22   2          LedOnOff = LED_ON;
  23   2        }
  24   1        else
  25   1        {
  26   2          LedOnOff = LED_OFF;
  27   2        }
  28   1        switch (Led_id)
  29   1        {
  30   2        case LED_D1:
  31   2          LED_0 = LedOnOff;
  32   2          break;
  33   2        case LED_D2:
  34   2          LED_1 = LedOnOff;
  35   2          break;
  36   2        case LED_D3:
  37   2          LED_2 = LedOnOff;
  38   2          break;
  39   2        case LED_D4:
  40   2          LED_3 = LedOnOff;
  41   2          break;
  42   2        case LED_D5:
  43   2          LED_4 = LedOnOff;
  44   2          break;
  45   2        case LED_D6:
  46   2          LED_5 = LedOnOff;
  47   2          break;
  48   2        case LED_D7:
  49   2          LED_6 = LedOnOff;
  50   2          break;
  51   2        case LED_D8:
  52   2          LED_7 = LedOnOff;
  53   2          break;
  54   2        }
C51 COMPILER V9.52.0.0   LED                                                               06/03/2021 22:01:20 PAGE 2   

  55   1      }
  56          
  57          void led_flow(uint times, uint last)
  58          {
  59   1        uint t = 0x01, i, k;
  60   1        uint tt = 1;
  61   1        for (k = 0 ; k < times ; ++ k)
  62   1        {
  63   2          tt = -tt;
  64   2          for (i = 0; i < 8; ++i)
  65   2          {
  66   3            if (tt == 1)
  67   3            {
  68   4              P1 = ~(t << i);
  69   4              Delay_ms(last); 
  70   4            }
  71   3            else
  72   3            {
  73   4              P1 = ~(t << (7 - i));
  74   4              Delay_ms(last); 
  75   4            }
  76   3          }
  77   2        }
  78   1      }
  79          
  80          void led_on()
  81          {
  82   1        P1 = 0x00;
  83   1      }
  84          
  85          void led_off()
  86          {
  87   1        P1 = 0xff;
  88   1      }
  89          
  90          void led_flashing(uint times)
  91          {
  92   1        uint i;
  93   1        for (i = 0; i < times; ++i)
  94   1        {
  95   2          led_on();
  96   2          Delay_ms(20);
  97   2          led_off();
  98   2          Delay_ms(20);
  99   2        }
 100   1      }


MODULE INFORMATION:   STATIC OVERLAYABLE
   CODE SIZE        =    307    ----
   CONSTANT SIZE    =   ----    ----
   XDATA SIZE       =   ----    ----
   PDATA SIZE       =   ----    ----
   DATA SIZE        =   ----      16
   IDATA SIZE       =   ----    ----
   BIT SIZE         =   ----    ----
END OF MODULE INFORMATION.


C51 COMPILATION COMPLETE.  0 WARNING(S),  0 ERROR(S)
