C51 COMPILER V9.52.0.0   MAIN                                                              06/16/2021 21:23:14 PAGE 1   


C51 COMPILER V9.52.0.0, COMPILATION OF MODULE MAIN
OBJECT MODULE PLACED IN main.obj
COMPILER INVOKED BY: C:\Users\starkchen\Keil4\C51\BIN\C51.EXE src\main.c BROWSE DEBUG OBJECTEXTEND PRINT(.\main.lst) TAB
                    -S(2) OBJECT(main.obj)

line level    source

   1          #include <reg52.h>
   2          #include "delay.h"
   3          #include "led.h"
   4          #include "motor.h"
   5          #include "track.h"
   6          #include "PWM.h"
   7          #include "Serial.h"
   8          #include "bt.h"
   9          #define uint unsigned int
  10          #define TIME 2000
  11          // 2k ms == 2 s
  12          
  13          sbit B2A = P0 ^ 0; // B wheel 2A port
  14          sbit B1A = P0 ^ 1; // B wheel 1A port
  15          sbit A1A = P0 ^ 2; // A wheel 1A port
  16          sbit A1B = P0 ^ 3; // A wheel 1B port
  17          
  18          int main()
  19          {
  20   1        Timer0_init();
  21   1        Serial_Init();
  22   1        while (1)
  23   1        {
  24   2          bt_ctrl();
  25   2        }
  26   1        return 0;
  27   1      }
*** WARNING C294 IN LINE 26 OF src\main.c: unreachable code


MODULE INFORMATION:   STATIC OVERLAYABLE
   CODE SIZE        =     11    ----
   CONSTANT SIZE    =   ----    ----
   XDATA SIZE       =   ----    ----
   PDATA SIZE       =   ----    ----
   DATA SIZE        =   ----    ----
   IDATA SIZE       =   ----    ----
   BIT SIZE         =   ----    ----
END OF MODULE INFORMATION.


C51 COMPILATION COMPLETE.  1 WARNING(S),  0 ERROR(S)
