C51 COMPILER V9.52.0.0   PWM                                                               06/16/2021 21:23:14 PAGE 1   


C51 COMPILER V9.52.0.0, COMPILATION OF MODULE PWM
OBJECT MODULE PLACED IN PWM.obj
COMPILER INVOKED BY: C:\Users\starkchen\Keil4\C51\BIN\C51.EXE src\PWM.c BROWSE DEBUG OBJECTEXTEND PRINT(.\PWM.lst) TABS(
                    -2) OBJECT(PWM.obj)

line level    source

   1          #include<reg52.h>
   2          #include "PWM.h"
   3          #include "bt.h"
   4          #define TH0_TL0 (65536-1000)//设定中断的间隔时长
   5          unsigned char count0 = 50;//低电平的占空比
   6          unsigned char count1 = 0;//高电平的占空比
   7          
   8          unsigned char count0_turn = 50; // 转弯低电平占空比
   9          unsigned char count1_turn = 0; // 转弯高电平占空比
  10          
  11          int flag = BTSTOP;
  12          
  13          sbit Key_add = P3 ^ 3; //电机减速
  14          sbit Key_dec = P3 ^ 4; //电机加速
  15          
  16          //B: left wheel
  17          sbit PWM1 = P0 ^ 0;//PWM 通道 1，反转脉冲 counter clockwise
  18          sbit PWM2 = P0 ^ 1;//PWM 通道 2，正转脉冲 clock wise
  19          
  20          //A: right wheel
  21          sbit PWM3 = P0 ^ 2;//PWM 通道 3，反转脉冲 counter clockwise
  22          sbit PWM4 = P0 ^ 3;//PWM 通道 4，正转脉冲 clock wise
  23          
  24          unsigned char Time_delay;
  25          
  26          
  27          /****************延时处理**********************/
  28          void Delay(unsigned char x)
  29          {
  30   1        Time_delay = x;
  31   1        while (Time_delay != 0);//等待中断，可减少PWM输出时间间隔
  32   1      }
  33          
  34          /*******按键处理加pwm占空比，电机加速**********/
  35          void Motor_speed_high(void)
  36          {
  37   1        if (Key_add == 0)
  38   1        {
  39   2          Delay(10);
  40   2          if (Key_add == 0)
  41   2          {
  42   3            count0 += 5;
  43   3      
  44   3            if (count0 >= 100)
  45   3            {
  46   4              count0 = 100;
  47   4            }
  48   3          }
  49   2          while (!Key_add);//等待键松开
  50   2        }
  51   1      }
  52          
  53          /******按键处理减pwm占空比，电机减速*****/
  54          void Motor_speed_low(void)
C51 COMPILER V9.52.0.0   PWM                                                               06/16/2021 21:23:14 PAGE 2   

  55          {
  56   1        if (Key_dec == 0)
  57   1        {
  58   2          Delay(10);
  59   2          if (Key_dec == 0)
  60   2          {
  61   3            count0 -= 5;
  62   3      
  63   3            if (count0 <= 0)
  64   3            {
  65   4              count0 = 0;
  66   4            }
  67   3          }
  68   2          while (!Key_dec);
  69   2        }
  70   1      }
  71          
  72          /*******bluetooth处理加pwm占空比，电机加速**********/
  73          void Motor_speed_add(void)
  74          {
  75   1      
  76   1        count0 += 5;
  77   1      
  78   1        if (count0 >= 100)
  79   1        {
  80   2          count0 = 100;
  81   2        }
  82   1      
  83   1      }
  84          
  85          /*******bluetooth处理加pwm占空比，电机减速**********/
  86          void Motor_speed_minus(void)
  87          {
  88   1        count0 -= 5;
  89   1      
  90   1        if (count0 <= 10) //  count0 is uchar type the which can't be negative, if set to 0 may result in out of c
             -ontrol
  91   1        {
  92   2          count0 = 10;
  93   2        }
  94   1      }
  95          
  96          
  97          
  98          /***********定时器0初始化***********/
  99          void Timer0_init(void)
 100          {
 101   1        TMOD = 0x01; //定时器0工作于方式1
 102   1        TH0 = TH0_TL0 / 256;
 103   1        TL0 = TH0_TL0 % 256;
 104   1        TR0 = 1;
 105   1        ET0 = 1;
 106   1        EA = 1;
 107   1      }
 108          
 109          /**************定时0中断处理******************/
 110          void Timer0_int(void) interrupt 1 using 1
 111          {
 112   1        TR0 = 0;//设置定时器初值期间，关闭定时器
 113   1        TL0 = TH0_TL0 % 256;
 114   1        TH0 = TH0_TL0 / 256;//定时器装初值
 115   1        TR0 = 1;
C51 COMPILER V9.52.0.0   PWM                                                               06/16/2021 21:23:14 PAGE 3   

 116   1      
 117   1        if (Time_delay != 0)//延时函数用
 118   1        {
 119   2          Time_delay--;
 120   2        }
 121   1      
 122   1        if (flag == BTFORWORD)//电机正转
 123   1        {
 124   2          PWM1 = 0;
 125   2          PWM4 = 0;
 126   2      
 127   2          if (++count1 < count0)
 128   2          {
 129   3            PWM2 = 1;
 130   3            PWM3 = 1;
 131   3          }
 132   2          else
 133   2          {
 134   3            PWM2 = 0;
 135   3            PWM3 = 0;
 136   3          }
 137   2          if (count1 >= 100)
 138   2          {
 139   3            count1 = 0;
 140   3          }
 141   2        }
 142   1        else if (flag == BTLEFT) //  turn left
 143   1        {
 144   2          PWM4 = 0;
 145   2          PWM1 = PWM2 = 1;
 146   2      
 147   2          if (++count1 < count0)
 148   2          {
 149   3            PWM3 = 1;
 150   3          }
 151   2          else
 152   2          {
 153   3            PWM3 = 0;
 154   3          }
 155   2          if (count1 >= 100)
 156   2          {
 157   3            count1 = 0;
 158   3          }
 159   2        }
 160   1        else if (flag == BTRIGHT) // turn right
 161   1        {
 162   2          PWM1 = 0;
 163   2          PWM3 = PWM4 = 0;
 164   2      
 165   2          if (++count1 < count0)
 166   2          {
 167   3            PWM2 = 1;
 168   3          }
 169   2          else
 170   2          {
 171   3            PWM2 = 0;
 172   3          }
 173   2          if (count1 >= 100)
 174   2          {
 175   3            count1 = 0;
 176   3          }
 177   2        }
C51 COMPILER V9.52.0.0   PWM                                                               06/16/2021 21:23:14 PAGE 4   

 178   1        else if (flag == BTBACWORD)
 179   1        {
 180   2          PWM2 = 0;
 181   2          PWM3 = 0;
 182   2      
 183   2          if (++count1 < count0)
 184   2          {
 185   3            PWM1 = 1;
 186   3            PWM4 = 1;
 187   3          }
 188   2          else
 189   2          {
 190   3            PWM1 = 0;
 191   3            PWM4 = 0;
 192   3          }
 193   2          if (count1 >= 100)
 194   2          {
 195   3            count1 = 0;
 196   3          }
 197   2        }
 198   1        else if (flag == BT_LEFT_SPIN)
 199   1        {
 200   2          PWM2 = 0; // left
 201   2          PWM4 = 0; // right
 202   2      
 203   2          if (++count1 < count0)
 204   2          {
 205   3            PWM1 = 1;
 206   3            PWM3 = 1;
 207   3          }
 208   2          else
 209   2          {
 210   3            PWM1 = 0;
 211   3            PWM3 = 0;
 212   3          }
 213   2          if (count1 >= 100)
 214   2          {
 215   3            count1 = 0;
 216   3          }
 217   2        }
 218   1        else if (flag == BT_RIGHT_SPIN)
 219   1        {
 220   2          PWM1 = 0;
 221   2          PWM3 = 0;
 222   2      
 223   2          if (++count1 < count0)
 224   2          {
 225   3            PWM2 = 1;
 226   3            PWM4 = 1;
 227   3          }
 228   2          else
 229   2          {
 230   3            PWM2 = 0;
 231   3            PWM4 = 0;
 232   3          }
 233   2          if (count1 >= 100)
 234   2          {
 235   3            count1 = 0;
 236   3          }
 237   2        }
 238   1        else if (flag == BTSTOP)
 239   1        {
C51 COMPILER V9.52.0.0   PWM                                                               06/16/2021 21:23:14 PAGE 5   

 240   2          PWM1 = PWM2 = PWM3 = PWM4 = 1;
 241   2        }
 242   1      }


MODULE INFORMATION:   STATIC OVERLAYABLE
   CODE SIZE        =    400    ----
   CONSTANT SIZE    =   ----    ----
   XDATA SIZE       =   ----    ----
   PDATA SIZE       =   ----    ----
   DATA SIZE        =      7    ----
   IDATA SIZE       =   ----    ----
   BIT SIZE         =   ----    ----
END OF MODULE INFORMATION.


C51 COMPILATION COMPLETE.  0 WARNING(S),  0 ERROR(S)
